<?xml version="1.0" encoding="UTF-8"?>
<testng-results skipped="0" failed="0" ignored="0" total="2" passed="2">
  <reporter-output>
  </reporter-output>
  <suite name="Default suite" duration-ms="38" started-at="2018-07-23T00:48:49Z" finished-at="2018-07-23T00:48:49Z">
    <groups>
    </groups>
    <test name="Default test" duration-ms="38" started-at="2018-07-23T00:48:49Z" finished-at="2018-07-23T00:48:49Z">
      <class name="TestngFiles.Annotations">
        <test-method status="PASS" signature="FlightBooking()[pri:0, instance:TestngFiles.Annotations@4f933fd1]" name="FlightBooking" duration-ms="10" started-at="2018-07-23T00:48:49Z" finished-at="2018-07-23T00:48:49Z">
          <reporter-output>
          </reporter-output>
        </test-method> <!-- FlightBooking -->
        <test-method status="PASS" signature="OpeningBrowser()[pri:0, instance:TestngFiles.Annotations@4f933fd1]" name="OpeningBrowser" duration-ms="2" started-at="2018-07-23T00:48:49Z" finished-at="2018-07-23T00:48:49Z">
          <reporter-output>
          </reporter-output>
        </test-method> <!-- OpeningBrowser -->
      </class> <!-- TestngFiles.Annotations -->
    </test> <!-- Default test -->
  </suite> <!-- Default suite -->
</testng-results>
